[2026-03-28T15:42:13Z INFO  naa6_audio_bridge] naa6-audio-bridge starting up
[2026-03-28T15:42:13Z INFO  naa6_audio_bridge] Config: outputName=HQPlayer via NAA6, alsaDevice=plughw:Loopback,1,0, listenPort=4321, hqplayerHost=192.168.30.212:4321, httpPort=30001, reconnectBackoff=5000ms
[2026-03-28T15:42:13Z INFO  naa6_audio_bridge::shutdown] ShutdownHandler registered for SIGTERM and SIGINT
[2026-03-28T15:42:13Z INFO  naa6_audio_bridge] HTTP stream URL: http://192.168.30.102:30001/a2ae24d6-647d-4754-8e5a-3fbd1f64f1ab/stream.raw
[2026-03-28T15:42:13Z INFO  naa6_audio_bridge::ipc_listener] IPC listener bound to /run/roon-naa6-bridge/meta.sock
[2026-03-28T15:42:13Z INFO  naa6_audio_bridge::http_server] HTTP Audio Server listening on 0.0.0.0:30001 (HQPlayer fetches PCM here)
[2026-03-28T15:42:13Z INFO  naa6_audio_bridge::control_server] Control Server listening on 0.0.0.0:4321 (Roon connects here)
[2026-03-28T15:42:13Z INFO  naa6_audio_bridge::alsa_capture] Opening ALSA capture device: plughw:Loopback,1,0 (bits=16 channels=2 rate=44100)
[2026-03-28T15:42:13Z INFO  naa6_audio_bridge::control_client] Control Client ready; waiting for messages from Control Server
[2026-03-28T15:42:13Z INFO  naa6_audio_bridge::alsa_capture] ALSA capture started
[2026-03-28T15:42:23Z INFO  naa6_audio_bridge::control_server] Roon connection accepted from 192.168.30.23:36122
[2026-03-28T15:42:23Z INFO  naa6_audio_bridge::control_server] Control Server: GetInfo received — proxying to HQPlayer for real response
[2026-03-28T15:42:23Z INFO  naa6_audio_bridge::control_server] Control Server: SessionAuthentication received — proxying to HQPlayer for signed response
[2026-03-28T15:42:23Z INFO  naa6_audio_bridge::control_server] Control Server: Stop received
[2026-03-28T15:42:24Z INFO  naa6_audio_bridge::control_server] Control Server: PlaylistClear received
[2026-03-28T15:42:24Z INFO  naa6_audio_bridge::control_server] Control Server: PlaylistAdd received from Roon; sending our HTTP stream URL to HQPlayer
[2026-03-28T15:42:24Z INFO  naa6_audio_bridge::control_server] Control Server: Play received from Roon — forwarding to HQPlayer
[2026-03-28T15:42:24Z INFO  naa6_audio_bridge::control_server] Roon disconnected (EOF)
[2026-03-28T15:42:24Z INFO  naa6_audio_bridge::control_server] Roon disconnected; resuming listen
[2026-03-28T15:42:24Z INFO  naa6_audio_bridge::control_client] Control Client: opening session to HQPlayer at 192.168.30.212:4321 (2 messages to send)
[2026-03-28T15:42:24Z INFO  naa6_audio_bridge::http_server] HTTP Audio Server: HEAD /a2ae24d6-647d-4754-8e5a-3fbd1f64f1ab/stream.raw — responding with format headers
[2026-03-28T15:42:24Z INFO  naa6_audio_bridge::http_server] HTTP Audio Server: HEAD /a2ae24d6-647d-4754-8e5a-3fbd1f64f1ab/stream.raw — responding with format headers
[2026-03-28T15:42:24Z INFO  naa6_audio_bridge::control_client] Control Client: session complete — all messages sent successfully
[2026-03-28T15:42:24Z INFO  naa6_audio_bridge::http_server] HTTP Audio Server: GET /a2ae24d6-647d-4754-8e5a-3fbd1f64f1ab/stream.raw — starting PCM stream
[2026-03-28T15:43:24Z INFO  naa6_audio_bridge::control_server] Roon connection accepted from 192.168.30.23:43158
[2026-03-28T15:43:24Z INFO  naa6_audio_bridge::control_server] Control Server: GetInfo received — proxying to HQPlayer for real response
[2026-03-28T15:43:24Z INFO  naa6_audio_bridge::control_server] Control Server: SessionAuthentication received — proxying to HQPlayer for signed response
[2026-03-28T15:43:24Z INFO  naa6_audio_bridge::control_server] Control Server: Stop received
[2026-03-28T15:43:25Z INFO  naa6_audio_bridge::control_server] Control Server: PlaylistClear received
[2026-03-28T15:43:25Z INFO  naa6_audio_bridge::control_server] Control Server: PlaylistAdd received from Roon; sending our HTTP stream URL to HQPlayer
[2026-03-28T15:43:25Z INFO  naa6_audio_bridge::control_server] Control Server: Play received from Roon — forwarding to HQPlayer
[2026-03-28T15:43:25Z INFO  naa6_audio_bridge::control_server] Roon disconnected (EOF)
[2026-03-28T15:43:25Z INFO  naa6_audio_bridge::control_server] Roon disconnected; resuming listen
[2026-03-28T15:43:25Z INFO  naa6_audio_bridge::control_client] Control Client: opening session to HQPlayer at 192.168.30.212:4321 (2 messages to send)
[2026-03-28T15:43:25Z INFO  naa6_audio_bridge::http_server] HTTP Audio Server: HEAD /a2ae24d6-647d-4754-8e5a-3fbd1f64f1ab/stream.raw — responding with format headers
[2026-03-28T15:43:25Z INFO  naa6_audio_bridge::control_client] Control Client: session complete — all messages sent successfully
[2026-03-28T15:43:41Z INFO  naa6_audio_bridge::control_server] Roon connection accepted from 192.168.30.23:46808
[2026-03-28T15:43:41Z INFO  naa6_audio_bridge::control_server] Control Server: GetInfo received — proxying to HQPlayer for real response
[2026-03-28T15:43:41Z INFO  naa6_audio_bridge::control_server] Control Server: SessionAuthentication received — proxying to HQPlayer for signed response
[2026-03-28T15:43:41Z INFO  naa6_audio_bridge::control_server] Control Server: Stop received
[2026-03-28T15:43:42Z INFO  naa6_audio_bridge::control_server] Control Server: PlaylistClear received
[2026-03-28T15:43:42Z INFO  naa6_audio_bridge::control_server] Control Server: PlaylistAdd received from Roon; sending our HTTP stream URL to HQPlayer
[2026-03-28T15:43:42Z INFO  naa6_audio_bridge::control_server] Control Server: Play received from Roon — forwarding to HQPlayer
[2026-03-28T15:43:42Z INFO  naa6_audio_bridge::control_server] Roon disconnected (EOF)
[2026-03-28T15:43:42Z INFO  naa6_audio_bridge::control_server] Roon disconnected; resuming listen
[2026-03-28T15:43:42Z INFO  naa6_audio_bridge::control_client] Control Client: opening session to HQPlayer at 192.168.30.212:4321 (2 messages to send)
[2026-03-28T15:43:42Z INFO  naa6_audio_bridge::http_server] HTTP Audio Server: HEAD /a2ae24d6-647d-4754-8e5a-3fbd1f64f1ab/stream.raw — responding with format headers
[2026-03-28T15:43:42Z INFO  naa6_audio_bridge::control_client] Control Client: session complete — all messages sent successfully
[2026-03-28T15:43:48Z INFO  naa6_audio_bridge::http_server] HTTP Audio Server: stop flag set; exiting
[2026-03-28T15:43:48Z INFO  naa6_audio_bridge::control_client] Control Client: stop flag set; exiting
[2026-03-28T15:43:48Z INFO  naa6_audio_bridge::control_server] Control Server: stop flag set; exiting accept loop
[2026-03-28T15:43:48Z INFO  naa6_audio_bridge] naa6-audio-bridge shutting down
